<?xml version="1.0" encoding="UTF-8"?>
<testng-results skipped="0" failed="0" ignored="0" total="1" passed="1">
  <reporter-output>
  </reporter-output>
  <suite name="Default suite" duration-ms="12555" started-at="2018-06-20T22:37:37Z" finished-at="2018-06-20T22:37:50Z">
    <groups>
    </groups>
    <test name="Default test" duration-ms="12555" started-at="2018-06-20T22:37:37Z" finished-at="2018-06-20T22:37:50Z">
      <class name="com.prestashop.tests.UnitTestPositive">
        <test-method status="PASS" signature="setUpBeforeClass()[pri:0, instance:com.prestashop.tests.UnitTestPositive@604ed9f0]" name="setUpBeforeClass" is-config="true" duration-ms="5316" started-at="2018-06-20T22:37:37Z" finished-at="2018-06-20T22:37:43Z">
          <reporter-output>
          </reporter-output>
        </test-method> <!-- setUpBeforeClass -->
        <test-method status="PASS" signature="setUpBeforeMethod()[pri:0, instance:com.prestashop.tests.UnitTestPositive@604ed9f0]" name="setUpBeforeMethod" is-config="true" duration-ms="3643" started-at="2018-06-20T22:37:43Z" finished-at="2018-06-20T22:37:46Z">
          <reporter-output>
          </reporter-output>
        </test-method> <!-- setUpBeforeMethod -->
        <test-method status="PASS" signature="invalidEmailTest()[pri:0, instance:com.prestashop.tests.UnitTestPositive@604ed9f0]" name="invalidEmailTest" duration-ms="3321" started-at="2018-06-20T22:37:46Z" finished-at="2018-06-20T22:37:50Z">
          <reporter-output>
          </reporter-output>
        </test-method> <!-- invalidEmailTest -->
        <test-method status="PASS" signature="tearDown()[pri:0, instance:com.prestashop.tests.UnitTestPositive@604ed9f0]" name="tearDown" is-config="true" duration-ms="252" started-at="2018-06-20T22:37:50Z" finished-at="2018-06-20T22:37:50Z">
          <reporter-output>
          </reporter-output>
        </test-method> <!-- tearDown -->
      </class> <!-- com.prestashop.tests.UnitTestPositive -->
    </test> <!-- Default test -->
  </suite> <!-- Default suite -->
</testng-results>
